2024-11-25 20:03:25,834 DEBUG [main] cache:45 - Couldn't find template in cache for "spark/spark.spa.ftl"("en_IN", UTF-8, parsed); will try to load it.
2024-11-25 20:03:25,837 DEBUG [main] cache:45 - TemplateLoader.findTemplateSource("spark/spark.spa_en_IN.ftl"): Not found
2024-11-25 20:03:25,838 DEBUG [main] cache:45 - TemplateLoader.findTemplateSource("spark/spark.spa_en.ftl"): Not found
2024-11-25 20:03:25,839 DEBUG [main] cache:45 - TemplateLoader.findTemplateSource("spark/spark.spa.ftl"): Found
2024-11-25 20:03:25,840 DEBUG [main] cache:45 - Loading template for "spark/spark.spa.ftl"("en_IN", UTF-8, parsed) from "jar:file:/C:/Users/golda/.m2/repository/com/aventstack/extentreports/5.1.2/extentreports-5.1.2.jar!/com/aventstack/extentreports/templates/spark/spark.spa.ftl"
2024-11-25 20:03:25,880 DEBUG [main] cache:45 - Couldn't find template in cache for "commons/commons-variables.ftl"("en_IN", UTF-8, parsed); will try to load it.
2024-11-25 20:03:25,880 DEBUG [main] cache:45 - TemplateLoader.findTemplateSource("commons/commons-variables_en_IN.ftl"): Not found
2024-11-25 20:03:25,880 DEBUG [main] cache:45 - TemplateLoader.findTemplateSource("commons/commons-variables_en.ftl"): Not found
2024-11-25 20:03:25,880 DEBUG [main] cache:45 - TemplateLoader.findTemplateSource("commons/commons-variables.ftl"): Found
2024-11-25 20:03:25,881 DEBUG [main] cache:45 - Loading template for "commons/commons-variables.ftl"("en_IN", UTF-8, parsed) from "jar:file:/C:/Users/golda/.m2/repository/com/aventstack/extentreports/5.1.2/extentreports-5.1.2.jar!/com/aventstack/extentreports/templates/commons/commons-variables.ftl"
2024-11-25 20:03:25,954 DEBUG [main] cache:45 - Couldn't find template in cache for "commons/commons-macros.ftl"("en_IN", UTF-8, parsed); will try to load it.
2024-11-25 20:03:25,954 DEBUG [main] cache:45 - TemplateLoader.findTemplateSource("commons/commons-macros_en_IN.ftl"): Not found
2024-11-25 20:03:25,955 DEBUG [main] cache:45 - TemplateLoader.findTemplateSource("commons/commons-macros_en.ftl"): Not found
2024-11-25 20:03:25,955 DEBUG [main] cache:45 - TemplateLoader.findTemplateSource("commons/commons-macros.ftl"): Found
2024-11-25 20:03:25,955 DEBUG [main] cache:45 - Loading template for "commons/commons-macros.ftl"("en_IN", UTF-8, parsed) from "jar:file:/C:/Users/golda/.m2/repository/com/aventstack/extentreports/5.1.2/extentreports-5.1.2.jar!/com/aventstack/extentreports/templates/commons/commons-macros.ftl"
2024-11-25 20:03:25,961 DEBUG [main] cache:45 - Couldn't find template in cache for "spark/macros/attributes.ftl"("en_IN", UTF-8, parsed); will try to load it.
2024-11-25 20:03:25,961 DEBUG [main] cache:45 - TemplateLoader.findTemplateSource("spark/macros/attributes_en_IN.ftl"): Not found
2024-11-25 20:03:25,962 DEBUG [main] cache:45 - TemplateLoader.findTemplateSource("spark/macros/attributes_en.ftl"): Not found
2024-11-25 20:03:25,962 DEBUG [main] cache:45 - TemplateLoader.findTemplateSource("spark/macros/attributes.ftl"): Found
2024-11-25 20:03:25,963 DEBUG [main] cache:45 - Loading template for "spark/macros/attributes.ftl"("en_IN", UTF-8, parsed) from "jar:file:/C:/Users/golda/.m2/repository/com/aventstack/extentreports/5.1.2/extentreports-5.1.2.jar!/com/aventstack/extentreports/templates/spark/macros/attributes.ftl"
2024-11-25 20:03:25,964 DEBUG [main] cache:45 - Couldn't find template in cache for "spark/macros/log.ftl"("en_IN", UTF-8, parsed); will try to load it.
2024-11-25 20:03:25,965 DEBUG [main] cache:45 - TemplateLoader.findTemplateSource("spark/macros/log_en_IN.ftl"): Not found
2024-11-25 20:03:25,966 DEBUG [main] cache:45 - TemplateLoader.findTemplateSource("spark/macros/log_en.ftl"): Not found
2024-11-25 20:03:25,967 DEBUG [main] cache:45 - TemplateLoader.findTemplateSource("spark/macros/log.ftl"): Found
2024-11-25 20:03:25,967 DEBUG [main] cache:45 - Loading template for "spark/macros/log.ftl"("en_IN", UTF-8, parsed) from "jar:file:/C:/Users/golda/.m2/repository/com/aventstack/extentreports/5.1.2/extentreports-5.1.2.jar!/com/aventstack/extentreports/templates/spark/macros/log.ftl"
2024-11-25 20:03:25,969 DEBUG [main] cache:45 - Couldn't find template in cache for "spark/macros/recurse_nodes.ftl"("en_IN", UTF-8, parsed); will try to load it.
2024-11-25 20:03:25,969 DEBUG [main] cache:45 - TemplateLoader.findTemplateSource("spark/macros/recurse_nodes_en_IN.ftl"): Not found
2024-11-25 20:03:25,970 DEBUG [main] cache:45 - TemplateLoader.findTemplateSource("spark/macros/recurse_nodes_en.ftl"): Not found
2024-11-25 20:03:25,970 DEBUG [main] cache:45 - TemplateLoader.findTemplateSource("spark/macros/recurse_nodes.ftl"): Found
2024-11-25 20:03:25,970 DEBUG [main] cache:45 - Loading template for "spark/macros/recurse_nodes.ftl"("en_IN", UTF-8, parsed) from "jar:file:/C:/Users/golda/.m2/repository/com/aventstack/extentreports/5.1.2/extentreports-5.1.2.jar!/com/aventstack/extentreports/templates/spark/macros/recurse_nodes.ftl"
2024-11-25 20:03:25,977 DEBUG [main] cache:45 - "spark/macros/log.ftl"("en_IN", UTF-8, parsed) cached copy not yet stale; using cached.
2024-11-25 20:03:25,977 DEBUG [main] cache:45 - Couldn't find template in cache for "spark/macros/attr-common.ftl"("en_IN", UTF-8, parsed); will try to load it.
2024-11-25 20:03:25,978 DEBUG [main] cache:45 - TemplateLoader.findTemplateSource("spark/macros/attr-common_en_IN.ftl"): Not found
2024-11-25 20:03:25,978 DEBUG [main] cache:45 - TemplateLoader.findTemplateSource("spark/macros/attr-common_en.ftl"): Not found
2024-11-25 20:03:25,979 DEBUG [main] cache:45 - TemplateLoader.findTemplateSource("spark/macros/attr-common.ftl"): Found
2024-11-25 20:03:25,979 DEBUG [main] cache:45 - Loading template for "spark/macros/attr-common.ftl"("en_IN", UTF-8, parsed) from "jar:file:/C:/Users/golda/.m2/repository/com/aventstack/extentreports/5.1.2/extentreports-5.1.2.jar!/com/aventstack/extentreports/templates/spark/macros/attr-common.ftl"
2024-11-25 20:03:25,984 DEBUG [main] cache:45 - Couldn't find template in cache for "spark/partials/head.ftl"("en_IN", UTF-8, parsed); will try to load it.
2024-11-25 20:03:25,985 DEBUG [main] cache:45 - TemplateLoader.findTemplateSource("spark/partials/head_en_IN.ftl"): Not found
2024-11-25 20:03:25,985 DEBUG [main] cache:45 - TemplateLoader.findTemplateSource("spark/partials/head_en.ftl"): Not found
2024-11-25 20:03:25,985 DEBUG [main] cache:45 - TemplateLoader.findTemplateSource("spark/partials/head.ftl"): Found
2024-11-25 20:03:25,986 DEBUG [main] cache:45 - Loading template for "spark/partials/head.ftl"("en_IN", UTF-8, parsed) from "jar:file:/C:/Users/golda/.m2/repository/com/aventstack/extentreports/5.1.2/extentreports-5.1.2.jar!/com/aventstack/extentreports/templates/spark/partials/head.ftl"
2024-11-25 20:03:25,988 DEBUG [main] cache:45 - Couldn't find template in cache for "commons/commons-inject-css.ftl"("en_IN", UTF-8, parsed); will try to load it.
2024-11-25 20:03:25,988 DEBUG [main] cache:45 - TemplateLoader.findTemplateSource("commons/commons-inject-css_en_IN.ftl"): Not found
2024-11-25 20:03:25,989 DEBUG [main] cache:45 - TemplateLoader.findTemplateSource("commons/commons-inject-css_en.ftl"): Not found
2024-11-25 20:03:25,989 DEBUG [main] cache:45 - TemplateLoader.findTemplateSource("commons/commons-inject-css.ftl"): Found
2024-11-25 20:03:25,990 DEBUG [main] cache:45 - Loading template for "commons/commons-inject-css.ftl"("en_IN", UTF-8, parsed) from "jar:file:/C:/Users/golda/.m2/repository/com/aventstack/extentreports/5.1.2/extentreports-5.1.2.jar!/com/aventstack/extentreports/templates/commons/commons-inject-css.ftl"
2024-11-25 20:03:25,990 DEBUG [main] cache:45 - Couldn't find template in cache for "spark/partials/navbar.ftl"("en_IN", UTF-8, parsed); will try to load it.
2024-11-25 20:03:25,991 DEBUG [main] cache:45 - TemplateLoader.findTemplateSource("spark/partials/navbar_en_IN.ftl"): Not found
2024-11-25 20:03:25,991 DEBUG [main] cache:45 - TemplateLoader.findTemplateSource("spark/partials/navbar_en.ftl"): Not found
2024-11-25 20:03:25,991 DEBUG [main] cache:45 - TemplateLoader.findTemplateSource("spark/partials/navbar.ftl"): Found
2024-11-25 20:03:25,991 DEBUG [main] cache:45 - Loading template for "spark/partials/navbar.ftl"("en_IN", UTF-8, parsed) from "jar:file:/C:/Users/golda/.m2/repository/com/aventstack/extentreports/5.1.2/extentreports-5.1.2.jar!/com/aventstack/extentreports/templates/spark/partials/navbar.ftl"
2024-11-25 20:03:25,998 DEBUG [main] cache:45 - Couldn't find template in cache for "spark/partials/sidenav.ftl"("en_IN", UTF-8, parsed); will try to load it.
2024-11-25 20:03:25,999 DEBUG [main] cache:45 - TemplateLoader.findTemplateSource("spark/partials/sidenav_en_IN.ftl"): Not found
2024-11-25 20:03:25,999 DEBUG [main] cache:45 - TemplateLoader.findTemplateSource("spark/partials/sidenav_en.ftl"): Not found
2024-11-25 20:03:25,999 DEBUG [main] cache:45 - TemplateLoader.findTemplateSource("spark/partials/sidenav.ftl"): Found
2024-11-25 20:03:25,999 DEBUG [main] cache:45 - Loading template for "spark/partials/sidenav.ftl"("en_IN", UTF-8, parsed) from "jar:file:/C:/Users/golda/.m2/repository/com/aventstack/extentreports/5.1.2/extentreports-5.1.2.jar!/com/aventstack/extentreports/templates/spark/partials/sidenav.ftl"
2024-11-25 20:03:26,009 DEBUG [main] cache:45 - Couldn't find template in cache for "spark/partials/test.ftl"("en_IN", UTF-8, parsed); will try to load it.
2024-11-25 20:03:26,010 DEBUG [main] cache:45 - TemplateLoader.findTemplateSource("spark/partials/test_en_IN.ftl"): Not found
2024-11-25 20:03:26,010 DEBUG [main] cache:45 - TemplateLoader.findTemplateSource("spark/partials/test_en.ftl"): Not found
2024-11-25 20:03:26,011 DEBUG [main] cache:45 - TemplateLoader.findTemplateSource("spark/partials/test.ftl"): Found
2024-11-25 20:03:26,011 DEBUG [main] cache:45 - Loading template for "spark/partials/test.ftl"("en_IN", UTF-8, parsed) from "jar:file:/C:/Users/golda/.m2/repository/com/aventstack/extentreports/5.1.2/extentreports-5.1.2.jar!/com/aventstack/extentreports/templates/spark/partials/test.ftl"
2024-11-25 20:03:26,029 DEBUG [main] cache:45 - Couldn't find template in cache for "spark/partials/bdd-content.ftl"("en_IN", UTF-8, parsed); will try to load it.
2024-11-25 20:03:26,030 DEBUG [main] cache:45 - TemplateLoader.findTemplateSource("spark/partials/bdd-content_en_IN.ftl"): Not found
2024-11-25 20:03:26,030 DEBUG [main] cache:45 - TemplateLoader.findTemplateSource("spark/partials/bdd-content_en.ftl"): Not found
2024-11-25 20:03:26,030 DEBUG [main] cache:45 - TemplateLoader.findTemplateSource("spark/partials/bdd-content.ftl"): Found
2024-11-25 20:03:26,032 DEBUG [main] cache:45 - Loading template for "spark/partials/bdd-content.ftl"("en_IN", UTF-8, parsed) from "jar:file:/C:/Users/golda/.m2/repository/com/aventstack/extentreports/5.1.2/extentreports-5.1.2.jar!/com/aventstack/extentreports/templates/spark/partials/bdd-content.ftl"
2024-11-25 20:03:26,054 DEBUG [main] cache:45 - "spark/partials/bdd-content.ftl"("en_IN", UTF-8, parsed) cached copy not yet stale; using cached.
2024-11-25 20:03:26,065 DEBUG [main] cache:45 - "spark/partials/bdd-content.ftl"("en_IN", UTF-8, parsed) cached copy not yet stale; using cached.
2024-11-25 20:03:26,072 DEBUG [main] cache:45 - "spark/partials/bdd-content.ftl"("en_IN", UTF-8, parsed) cached copy not yet stale; using cached.
2024-11-25 20:03:26,082 DEBUG [main] cache:45 - "spark/partials/bdd-content.ftl"("en_IN", UTF-8, parsed) cached copy not yet stale; using cached.
2024-11-25 20:03:26,083 DEBUG [main] cache:45 - Couldn't find template in cache for "spark/partials/exception.ftl"("en_IN", UTF-8, parsed); will try to load it.
2024-11-25 20:03:26,084 DEBUG [main] cache:45 - TemplateLoader.findTemplateSource("spark/partials/exception_en_IN.ftl"): Not found
2024-11-25 20:03:26,084 DEBUG [main] cache:45 - TemplateLoader.findTemplateSource("spark/partials/exception_en.ftl"): Not found
2024-11-25 20:03:26,085 DEBUG [main] cache:45 - TemplateLoader.findTemplateSource("spark/partials/exception.ftl"): Found
2024-11-25 20:03:26,085 DEBUG [main] cache:45 - Loading template for "spark/partials/exception.ftl"("en_IN", UTF-8, parsed) from "jar:file:/C:/Users/golda/.m2/repository/com/aventstack/extentreports/5.1.2/extentreports-5.1.2.jar!/com/aventstack/extentreports/templates/spark/partials/exception.ftl"
2024-11-25 20:03:26,087 DEBUG [main] cache:45 - Couldn't find template in cache for "spark/partials/category.ftl"("en_IN", UTF-8, parsed); will try to load it.
2024-11-25 20:03:26,087 DEBUG [main] cache:45 - TemplateLoader.findTemplateSource("spark/partials/category_en_IN.ftl"): Not found
2024-11-25 20:03:26,088 DEBUG [main] cache:45 - TemplateLoader.findTemplateSource("spark/partials/category_en.ftl"): Not found
2024-11-25 20:03:26,088 DEBUG [main] cache:45 - TemplateLoader.findTemplateSource("spark/partials/category.ftl"): Found
2024-11-25 20:03:26,089 DEBUG [main] cache:45 - Loading template for "spark/partials/category.ftl"("en_IN", UTF-8, parsed) from "jar:file:/C:/Users/golda/.m2/repository/com/aventstack/extentreports/5.1.2/extentreports-5.1.2.jar!/com/aventstack/extentreports/templates/spark/partials/category.ftl"
2024-11-25 20:03:26,091 DEBUG [main] cache:45 - Couldn't find template in cache for "spark/partials/device.ftl"("en_IN", UTF-8, parsed); will try to load it.
2024-11-25 20:03:26,091 DEBUG [main] cache:45 - TemplateLoader.findTemplateSource("spark/partials/device_en_IN.ftl"): Not found
2024-11-25 20:03:26,092 DEBUG [main] cache:45 - TemplateLoader.findTemplateSource("spark/partials/device_en.ftl"): Not found
2024-11-25 20:03:26,092 DEBUG [main] cache:45 - TemplateLoader.findTemplateSource("spark/partials/device.ftl"): Found
2024-11-25 20:03:26,092 DEBUG [main] cache:45 - Loading template for "spark/partials/device.ftl"("en_IN", UTF-8, parsed) from "jar:file:/C:/Users/golda/.m2/repository/com/aventstack/extentreports/5.1.2/extentreports-5.1.2.jar!/com/aventstack/extentreports/templates/spark/partials/device.ftl"
2024-11-25 20:03:26,093 DEBUG [main] cache:45 - Couldn't find template in cache for "spark/partials/author.ftl"("en_IN", UTF-8, parsed); will try to load it.
2024-11-25 20:03:26,094 DEBUG [main] cache:45 - TemplateLoader.findTemplateSource("spark/partials/author_en_IN.ftl"): Not found
2024-11-25 20:03:26,094 DEBUG [main] cache:45 - TemplateLoader.findTemplateSource("spark/partials/author_en.ftl"): Not found
2024-11-25 20:03:26,095 DEBUG [main] cache:45 - TemplateLoader.findTemplateSource("spark/partials/author.ftl"): Found
2024-11-25 20:03:26,095 DEBUG [main] cache:45 - Loading template for "spark/partials/author.ftl"("en_IN", UTF-8, parsed) from "jar:file:/C:/Users/golda/.m2/repository/com/aventstack/extentreports/5.1.2/extentreports-5.1.2.jar!/com/aventstack/extentreports/templates/spark/partials/author.ftl"
2024-11-25 20:03:26,096 DEBUG [main] cache:45 - Couldn't find template in cache for "spark/partials/log.ftl"("en_IN", UTF-8, parsed); will try to load it.
2024-11-25 20:03:26,096 DEBUG [main] cache:45 - TemplateLoader.findTemplateSource("spark/partials/log_en_IN.ftl"): Not found
2024-11-25 20:03:26,096 DEBUG [main] cache:45 - TemplateLoader.findTemplateSource("spark/partials/log_en.ftl"): Not found
2024-11-25 20:03:26,096 DEBUG [main] cache:45 - TemplateLoader.findTemplateSource("spark/partials/log.ftl"): Found
2024-11-25 20:03:26,096 DEBUG [main] cache:45 - Loading template for "spark/partials/log.ftl"("en_IN", UTF-8, parsed) from "jar:file:/C:/Users/golda/.m2/repository/com/aventstack/extentreports/5.1.2/extentreports-5.1.2.jar!/com/aventstack/extentreports/templates/spark/partials/log.ftl"
2024-11-25 20:03:26,097 DEBUG [main] cache:45 - Couldn't find template in cache for "spark/partials/dashboard.ftl"("en_IN", UTF-8, parsed); will try to load it.
2024-11-25 20:03:26,099 DEBUG [main] cache:45 - TemplateLoader.findTemplateSource("spark/partials/dashboard_en_IN.ftl"): Not found
2024-11-25 20:03:26,099 DEBUG [main] cache:45 - TemplateLoader.findTemplateSource("spark/partials/dashboard_en.ftl"): Not found
2024-11-25 20:03:26,099 DEBUG [main] cache:45 - TemplateLoader.findTemplateSource("spark/partials/dashboard.ftl"): Found
2024-11-25 20:03:26,099 DEBUG [main] cache:45 - Loading template for "spark/partials/dashboard.ftl"("en_IN", UTF-8, parsed) from "jar:file:/C:/Users/golda/.m2/repository/com/aventstack/extentreports/5.1.2/extentreports-5.1.2.jar!/com/aventstack/extentreports/templates/spark/partials/dashboard.ftl"
2024-11-25 20:03:26,124 DEBUG [main] cache:45 - Couldn't find template in cache for "spark/partials/scripts.ftl"("en_IN", UTF-8, parsed); will try to load it.
2024-11-25 20:03:26,125 DEBUG [main] cache:45 - TemplateLoader.findTemplateSource("spark/partials/scripts_en_IN.ftl"): Not found
2024-11-25 20:03:26,125 DEBUG [main] cache:45 - TemplateLoader.findTemplateSource("spark/partials/scripts_en.ftl"): Not found
2024-11-25 20:03:26,126 DEBUG [main] cache:45 - TemplateLoader.findTemplateSource("spark/partials/scripts.ftl"): Found
2024-11-25 20:03:26,126 DEBUG [main] cache:45 - Loading template for "spark/partials/scripts.ftl"("en_IN", UTF-8, parsed) from "jar:file:/C:/Users/golda/.m2/repository/com/aventstack/extentreports/5.1.2/extentreports-5.1.2.jar!/com/aventstack/extentreports/templates/spark/partials/scripts.ftl"
2024-11-25 20:03:26,127 DEBUG [main] cache:45 - Couldn't find template in cache for "commons/commons-inject-js.ftl"("en_IN", UTF-8, parsed); will try to load it.
2024-11-25 20:03:26,127 DEBUG [main] cache:45 - TemplateLoader.findTemplateSource("commons/commons-inject-js_en_IN.ftl"): Not found
2024-11-25 20:03:26,128 DEBUG [main] cache:45 - TemplateLoader.findTemplateSource("commons/commons-inject-js_en.ftl"): Not found
2024-11-25 20:03:26,128 DEBUG [main] cache:45 - TemplateLoader.findTemplateSource("commons/commons-inject-js.ftl"): Found
2024-11-25 20:03:26,128 DEBUG [main] cache:45 - Loading template for "commons/commons-inject-js.ftl"("en_IN", UTF-8, parsed) from "jar:file:/C:/Users/golda/.m2/repository/com/aventstack/extentreports/5.1.2/extentreports-5.1.2.jar!/com/aventstack/extentreports/templates/commons/commons-inject-js.ftl"
